2022-06-05 11:50:52,662 - run - log - DEBUG - Writing log messages to new file C:\Users\ampolini\Workingfolder\Alice-FIAT\Vientiane_fluvial_100\fiat.log.
2022-06-05 11:50:52,663 - run - log - INFO - HydroMT version: v0.4.2
2022-06-05 11:50:52,679 - run - fiat - DEBUG - Setting model config options.
2022-06-05 11:50:52,680 - run - fiat - INFO - setup_hazard.usage: True
2022-06-05 11:50:52,681 - run - fiat - INFO - setup_hazard.map_fn: hmax_RP_100_vientiane_fluvial.tif
2022-06-05 11:50:52,685 - run - fiat - INFO - setup_hazard.map_type: water_depth
2022-06-05 11:50:52,685 - run - fiat - INFO - setup_hazard.chunks: auto
2022-06-05 11:50:52,687 - run - fiat - INFO - setup_hazard.rp: 1
2022-06-05 11:50:52,687 - run - fiat - INFO - setup_hazard.crs: EPSG:4326
2022-06-05 11:50:52,688 - run - fiat - INFO - setup_hazard.nodata: -9999
2022-06-05 11:50:52,688 - run - fiat - INFO - setup_hazard.var: None
2022-06-05 11:50:52,856 - run - fiat - INFO - Added flooding hazard map: hmax_RP_100_vientiane_fluvial (rp 1)
2022-06-05 11:50:52,856 - run - fiat - INFO - setup_exposure.usage: True
2022-06-05 11:50:52,857 - run - fiat - INFO - setup_exposure.map_fn: buildings_value.tif
2022-06-05 11:50:52,861 - run - fiat - INFO - setup_exposure.category: buildings_value
2022-06-05 11:50:52,862 - run - fiat - INFO - setup_exposure.unit: USD
2022-06-05 11:50:52,862 - run - fiat - INFO - setup_exposure.function_fn: {'water_depth': 'AS000.csv'}
2022-06-05 11:50:52,863 - run - fiat - INFO - setup_exposure.resamp_alg: nearest
2022-06-05 11:50:52,864 - run - fiat - INFO - setup_exposure.chunks: auto
2022-06-05 11:50:52,865 - run - fiat - INFO - setup_exposure.comp_alg: max
2022-06-05 11:50:52,866 - run - fiat - INFO - setup_exposure.scale_factor: 1
2022-06-05 11:50:52,867 - run - fiat - INFO - setup_exposure.weight_factor: 1
2022-06-05 11:50:52,868 - run - fiat - INFO - setup_exposure.subcategory: None
2022-06-05 11:50:52,868 - run - fiat - INFO - setup_exposure.crs: EPSG:4326
2022-06-05 11:50:52,870 - run - fiat - INFO - setup_exposure.nodata: 0
2022-06-05 11:50:52,870 - run - fiat - INFO - setup_exposure.var: None
2022-06-05 11:50:52,898 - run - fiat - INFO - Added exposure map: buildings_value (buildings_value)
2022-06-05 11:50:52,899 - run - fiat - INFO - setup_geometry.region: None
2022-06-05 11:50:53,536 - run - fiat - INFO - Added damage map: hazard_scenario_1_buildings_value_damage (layer)
2022-06-05 11:50:53,783 - run - fiat - DEBUG - Added risk map: buildings_value_risk (layer)
2022-06-05 11:50:54,328 - run - fiat - INFO - Stored damage map: hazard_scenario_1_buildings_value_damage (layer)
2022-06-05 11:50:54,634 - run - fiat - INFO - Stored risk map: buildings_value_risk (layer)
2022-06-05 11:50:54,669 - run - fiat - INFO - Stored the impact report.
