2022-06-03 12:30:29,413 - build - data_adapter - WARNING - Overwriting data source chelsa.
2022-06-03 12:30:29,414 - build - data_adapter - WARNING - Overwriting data source chirps_global.
2022-06-03 12:30:29,416 - build - data_adapter - WARNING - Overwriting data source corine.
2022-06-03 12:30:29,419 - build - data_adapter - WARNING - Overwriting data source dtu10mdt.
2022-06-03 12:30:29,420 - build - data_adapter - WARNING - Overwriting data source dtu10mdt_egm96.
2022-06-03 12:30:29,421 - build - data_adapter - WARNING - Overwriting data source eobs.
2022-06-03 12:30:29,422 - build - data_adapter - WARNING - Overwriting data source eobs_orography.
2022-06-03 12:30:29,423 - build - data_adapter - WARNING - Overwriting data source era5.
2022-06-03 12:30:29,425 - build - data_adapter - WARNING - Overwriting data source era5_hourly.
2022-06-03 12:30:29,426 - build - data_adapter - WARNING - Overwriting data source era5_orography.
2022-06-03 12:30:29,427 - build - data_adapter - WARNING - Overwriting data source gadm_level1.
2022-06-03 12:30:29,428 - build - data_adapter - WARNING - Overwriting data source gadm_level2.
2022-06-03 12:30:29,429 - build - data_adapter - WARNING - Overwriting data source gadm_level3.
2022-06-03 12:30:29,430 - build - data_adapter - WARNING - Overwriting data source gcn250.
2022-06-03 12:30:29,433 - build - data_adapter - WARNING - Overwriting data source gdp_world.
2022-06-03 12:30:29,434 - build - data_adapter - WARNING - Overwriting data source gebco.
2022-06-03 12:30:29,437 - build - data_adapter - WARNING - Overwriting data source ghs-smod_2015_v2.
2022-06-03 12:30:29,437 - build - data_adapter - WARNING - Overwriting data source ghs_pop_2015.
2022-06-03 12:30:29,438 - build - data_adapter - WARNING - Overwriting data source ghs_pop_2015_54009.
2022-06-03 12:30:29,439 - build - data_adapter - WARNING - Overwriting data source ghs_smod_2015.
2022-06-03 12:30:29,440 - build - data_adapter - WARNING - Overwriting data source globcover.
2022-06-03 12:30:29,442 - build - data_adapter - WARNING - Overwriting data source glw_buffaloes.
2022-06-03 12:30:29,443 - build - data_adapter - WARNING - Overwriting data source glw_cattle.
2022-06-03 12:30:29,443 - build - data_adapter - WARNING - Overwriting data source glw_chicken.
2022-06-03 12:30:29,444 - build - data_adapter - WARNING - Overwriting data source glw_ducks.
2022-06-03 12:30:29,448 - build - data_adapter - WARNING - Overwriting data source glw_goats.
2022-06-03 12:30:29,449 - build - data_adapter - WARNING - Overwriting data source glw_horses.
2022-06-03 12:30:29,453 - build - data_adapter - WARNING - Overwriting data source glw_pigs.
2022-06-03 12:30:29,453 - build - data_adapter - WARNING - Overwriting data source glw_sheep.
2022-06-03 12:30:29,454 - build - data_adapter - WARNING - Overwriting data source grdc.
2022-06-03 12:30:29,454 - build - data_adapter - WARNING - Overwriting data source grib_roads_hig.
2022-06-03 12:30:29,455 - build - data_adapter - WARNING - Overwriting data source grib_roads_loc.
2022-06-03 12:30:29,456 - build - data_adapter - WARNING - Overwriting data source grib_roads_pri.
2022-06-03 12:30:29,457 - build - data_adapter - WARNING - Overwriting data source grib_roads_sec.
2022-06-03 12:30:29,459 - build - data_adapter - WARNING - Overwriting data source grib_roads_ter.
2022-06-03 12:30:29,460 - build - data_adapter - WARNING - Overwriting data source grwl.
2022-06-03 12:30:29,460 - build - data_adapter - WARNING - Overwriting data source grwl_mask.
2022-06-03 12:30:29,464 - build - data_adapter - WARNING - Overwriting data source gswo.
2022-06-03 12:30:29,464 - build - data_adapter - WARNING - Overwriting data source gtsmv3_eu_era5.
2022-06-03 12:30:29,468 - build - data_adapter - WARNING - Overwriting data source guf_bld_2012.
2022-06-03 12:30:29,468 - build - data_adapter - WARNING - Overwriting data source hydro_lakes.
2022-06-03 12:30:29,469 - build - data_adapter - WARNING - Overwriting data source hydro_reservoirs.
2022-06-03 12:30:29,470 - build - data_adapter - WARNING - Overwriting data source koppen_geiger.
2022-06-03 12:30:29,471 - build - data_adapter - WARNING - Overwriting data source merit_hydro.
2022-06-03 12:30:29,472 - build - data_adapter - WARNING - Overwriting data source merit_hydro_1k.
2022-06-03 12:30:29,472 - build - data_adapter - WARNING - Overwriting data source merit_hydro_index.
2022-06-03 12:30:29,473 - build - data_adapter - WARNING - Overwriting data source modis_lai.
2022-06-03 12:30:29,474 - build - data_adapter - WARNING - Overwriting data source osm_coastlines.
2022-06-03 12:30:29,476 - build - data_adapter - WARNING - Overwriting data source osm_landareas.
2022-06-03 12:30:29,479 - build - data_adapter - WARNING - Overwriting data source rgi.
2022-06-03 12:30:29,479 - build - data_adapter - WARNING - Overwriting data source simard.
2022-06-03 12:30:29,482 - build - data_adapter - WARNING - Overwriting data source soilgrids.
2022-06-03 12:30:29,483 - build - data_adapter - WARNING - Overwriting data source vito.
2022-06-03 12:30:29,484 - build - data_adapter - WARNING - Overwriting data source worldclim.
2022-06-03 12:30:29,491 - build - model_api - ERROR - Default config file not found at C:\Users\ampolini\Miniconda3\envs\hydromt-fiat-dev\lib\site-packages\hydromt_fiat\data\fiat\fiat_configuration.ini
