2022-06-05 15:25:25,561 - build - data_adapter - WARNING - Overwriting data source chelsa.
2022-06-05 15:25:25,562 - build - data_adapter - WARNING - Overwriting data source chirps_global.
2022-06-05 15:25:25,564 - build - data_adapter - WARNING - Overwriting data source corine.
2022-06-05 15:25:25,565 - build - data_adapter - WARNING - Overwriting data source dtu10mdt.
2022-06-05 15:25:25,569 - build - data_adapter - WARNING - Overwriting data source dtu10mdt_egm96.
2022-06-05 15:25:25,570 - build - data_adapter - WARNING - Overwriting data source eobs.
2022-06-05 15:25:25,571 - build - data_adapter - WARNING - Overwriting data source eobs_orography.
2022-06-05 15:25:25,572 - build - data_adapter - WARNING - Overwriting data source era5.
2022-06-05 15:25:25,575 - build - data_adapter - WARNING - Overwriting data source era5_hourly.
2022-06-05 15:25:25,576 - build - data_adapter - WARNING - Overwriting data source era5_orography.
2022-06-05 15:25:25,579 - build - data_adapter - WARNING - Overwriting data source gadm_level1.
2022-06-05 15:25:25,580 - build - data_adapter - WARNING - Overwriting data source gadm_level2.
2022-06-05 15:25:25,581 - build - data_adapter - WARNING - Overwriting data source gadm_level3.
2022-06-05 15:25:25,582 - build - data_adapter - WARNING - Overwriting data source gcn250.
2022-06-05 15:25:25,584 - build - data_adapter - WARNING - Overwriting data source gdp_world.
2022-06-05 15:25:25,585 - build - data_adapter - WARNING - Overwriting data source gebco.
2022-06-05 15:25:25,586 - build - data_adapter - WARNING - Overwriting data source ghs-smod_2015_v2.
2022-06-05 15:25:25,587 - build - data_adapter - WARNING - Overwriting data source ghs_pop_2015.
2022-06-05 15:25:25,588 - build - data_adapter - WARNING - Overwriting data source ghs_pop_2015_54009.
2022-06-05 15:25:25,590 - build - data_adapter - WARNING - Overwriting data source ghs_smod_2015.
2022-06-05 15:25:25,591 - build - data_adapter - WARNING - Overwriting data source globcover.
2022-06-05 15:25:25,595 - build - data_adapter - WARNING - Overwriting data source glw_buffaloes.
2022-06-05 15:25:25,595 - build - data_adapter - WARNING - Overwriting data source glw_cattle.
2022-06-05 15:25:25,596 - build - data_adapter - WARNING - Overwriting data source glw_chicken.
2022-06-05 15:25:25,597 - build - data_adapter - WARNING - Overwriting data source glw_ducks.
2022-06-05 15:25:25,599 - build - data_adapter - WARNING - Overwriting data source glw_goats.
2022-06-05 15:25:25,600 - build - data_adapter - WARNING - Overwriting data source glw_horses.
2022-06-05 15:25:25,601 - build - data_adapter - WARNING - Overwriting data source glw_pigs.
2022-06-05 15:25:25,602 - build - data_adapter - WARNING - Overwriting data source glw_sheep.
2022-06-05 15:25:25,602 - build - data_adapter - WARNING - Overwriting data source grdc.
2022-06-05 15:25:25,604 - build - data_adapter - WARNING - Overwriting data source grib_roads_hig.
2022-06-05 15:25:25,606 - build - data_adapter - WARNING - Overwriting data source grib_roads_loc.
2022-06-05 15:25:25,609 - build - data_adapter - WARNING - Overwriting data source grib_roads_pri.
2022-06-05 15:25:25,610 - build - data_adapter - WARNING - Overwriting data source grib_roads_sec.
2022-06-05 15:25:25,611 - build - data_adapter - WARNING - Overwriting data source grib_roads_ter.
2022-06-05 15:25:25,612 - build - data_adapter - WARNING - Overwriting data source grwl.
2022-06-05 15:25:25,613 - build - data_adapter - WARNING - Overwriting data source grwl_mask.
2022-06-05 15:25:25,614 - build - data_adapter - WARNING - Overwriting data source gswo.
2022-06-05 15:25:25,616 - build - data_adapter - WARNING - Overwriting data source gtsmv3_eu_era5.
2022-06-05 15:25:25,617 - build - data_adapter - WARNING - Overwriting data source guf_bld_2012.
2022-06-05 15:25:25,619 - build - data_adapter - WARNING - Overwriting data source hydro_lakes.
2022-06-05 15:25:25,621 - build - data_adapter - WARNING - Overwriting data source hydro_reservoirs.
2022-06-05 15:25:25,621 - build - data_adapter - WARNING - Overwriting data source koppen_geiger.
2022-06-05 15:25:25,625 - build - data_adapter - WARNING - Overwriting data source merit_hydro.
2022-06-05 15:25:25,626 - build - data_adapter - WARNING - Overwriting data source merit_hydro_1k.
2022-06-05 15:25:25,627 - build - data_adapter - WARNING - Overwriting data source merit_hydro_index.
2022-06-05 15:25:25,628 - build - data_adapter - WARNING - Overwriting data source modis_lai.
2022-06-05 15:25:25,629 - build - data_adapter - WARNING - Overwriting data source osm_coastlines.
2022-06-05 15:25:25,629 - build - data_adapter - WARNING - Overwriting data source osm_landareas.
2022-06-05 15:25:25,630 - build - data_adapter - WARNING - Overwriting data source rgi.
2022-06-05 15:25:25,632 - build - data_adapter - WARNING - Overwriting data source simard.
2022-06-05 15:25:25,632 - build - data_adapter - WARNING - Overwriting data source soilgrids.
2022-06-05 15:25:25,633 - build - data_adapter - WARNING - Overwriting data source vito.
2022-06-05 15:25:25,635 - build - data_adapter - WARNING - Overwriting data source worldclim.
2022-06-05 15:25:25,648 - build - model_api - ERROR - Default config file not found at C:\Users\ampolini\Miniconda3\envs\hydromt-fiat-dev\lib\site-packages\hydromt_fiat\data\fiat\fiat_configuration.ini
