2022-06-05 12:13:49,005 - run - log - DEBUG - Writing log messages to new file C:\Users\ampolini\Workingfolder\Alice-FIAT\Semarang_coastal_1000\fiat.log.
2022-06-05 12:13:49,006 - run - log - INFO - HydroMT version: v0.4.2
2022-06-05 12:13:49,015 - run - fiat - DEBUG - Setting model config options.
2022-06-05 12:13:49,015 - run - fiat - INFO - setup_hazard.usage: True
2022-06-05 12:13:49,016 - run - fiat - INFO - setup_hazard.map_fn: hmax_RP_1000_semarang_coastal.tif
2022-06-05 12:13:49,017 - run - fiat - INFO - setup_hazard.map_type: water_depth
2022-06-05 12:13:49,017 - run - fiat - INFO - setup_hazard.chunks: auto
2022-06-05 12:13:49,019 - run - fiat - INFO - setup_hazard.rp: 1
2022-06-05 12:13:49,020 - run - fiat - INFO - setup_hazard.crs: EPSG:32749
2022-06-05 12:13:49,021 - run - fiat - INFO - setup_hazard.nodata: -9999
2022-06-05 12:13:49,021 - run - fiat - INFO - setup_hazard.var: None
2022-06-05 12:13:49,085 - run - fiat - INFO - Added flooding hazard map: hmax_RP_1000_semarang_coastal (rp 1)
2022-06-05 12:13:49,086 - run - fiat - INFO - setup_exposure.usage: True
2022-06-05 12:13:49,087 - run - fiat - INFO - setup_exposure.map_fn: buildings_value.tif
2022-06-05 12:13:49,088 - run - fiat - INFO - setup_exposure.category: buildings_value
2022-06-05 12:13:49,092 - run - fiat - INFO - setup_exposure.unit: USD
2022-06-05 12:13:49,093 - run - fiat - INFO - setup_exposure.function_fn: {'water_depth': 'AS000.csv'}
2022-06-05 12:13:49,094 - run - fiat - INFO - setup_exposure.resamp_alg: nearest
2022-06-05 12:13:49,095 - run - fiat - INFO - setup_exposure.chunks: auto
2022-06-05 12:13:49,095 - run - fiat - INFO - setup_exposure.comp_alg: max
2022-06-05 12:13:49,096 - run - fiat - INFO - setup_exposure.scale_factor: 1
2022-06-05 12:13:49,097 - run - fiat - INFO - setup_exposure.weight_factor: 1
2022-06-05 12:13:49,098 - run - fiat - INFO - setup_exposure.subcategory: None
2022-06-05 12:13:49,099 - run - fiat - INFO - setup_exposure.crs: EPSG:32749
2022-06-05 12:13:49,100 - run - fiat - INFO - setup_exposure.nodata: 0
2022-06-05 12:13:49,102 - run - fiat - INFO - setup_exposure.var: None
2022-06-05 12:13:49,126 - run - fiat - INFO - Added exposure map: buildings_value (buildings_value)
2022-06-05 12:13:49,127 - run - fiat - INFO - setup_geometry.region: None
2022-06-05 12:13:49,279 - run - fiat - INFO - Added damage map: hazard_scenario_1_buildings_value_damage (layer)
2022-06-05 12:13:49,330 - run - fiat - DEBUG - Added risk map: buildings_value_risk (layer)
2022-06-05 12:13:49,461 - run - fiat - INFO - Stored damage map: hazard_scenario_1_buildings_value_damage (layer)
2022-06-05 12:13:49,534 - run - fiat - INFO - Stored risk map: buildings_value_risk (layer)
2022-06-05 12:13:49,582 - run - fiat - INFO - Stored the impact report.
