2022-06-05 12:10:30,634 - build - data_adapter - WARNING - Overwriting data source chelsa.
2022-06-05 12:10:30,635 - build - data_adapter - WARNING - Overwriting data source chirps_global.
2022-06-05 12:10:30,637 - build - data_adapter - WARNING - Overwriting data source corine.
2022-06-05 12:10:30,638 - build - data_adapter - WARNING - Overwriting data source dtu10mdt.
2022-06-05 12:10:30,641 - build - data_adapter - WARNING - Overwriting data source dtu10mdt_egm96.
2022-06-05 12:10:30,642 - build - data_adapter - WARNING - Overwriting data source eobs.
2022-06-05 12:10:30,643 - build - data_adapter - WARNING - Overwriting data source eobs_orography.
2022-06-05 12:10:30,644 - build - data_adapter - WARNING - Overwriting data source era5.
2022-06-05 12:10:30,646 - build - data_adapter - WARNING - Overwriting data source era5_hourly.
2022-06-05 12:10:30,647 - build - data_adapter - WARNING - Overwriting data source era5_orography.
2022-06-05 12:10:30,647 - build - data_adapter - WARNING - Overwriting data source gadm_level1.
2022-06-05 12:10:30,648 - build - data_adapter - WARNING - Overwriting data source gadm_level2.
2022-06-05 12:10:30,649 - build - data_adapter - WARNING - Overwriting data source gadm_level3.
2022-06-05 12:10:30,650 - build - data_adapter - WARNING - Overwriting data source gcn250.
2022-06-05 12:10:30,650 - build - data_adapter - WARNING - Overwriting data source gdp_world.
2022-06-05 12:10:30,651 - build - data_adapter - WARNING - Overwriting data source gebco.
2022-06-05 12:10:30,652 - build - data_adapter - WARNING - Overwriting data source ghs-smod_2015_v2.
2022-06-05 12:10:30,653 - build - data_adapter - WARNING - Overwriting data source ghs_pop_2015.
2022-06-05 12:10:30,654 - build - data_adapter - WARNING - Overwriting data source ghs_pop_2015_54009.
2022-06-05 12:10:30,654 - build - data_adapter - WARNING - Overwriting data source ghs_smod_2015.
2022-06-05 12:10:30,655 - build - data_adapter - WARNING - Overwriting data source globcover.
2022-06-05 12:10:30,656 - build - data_adapter - WARNING - Overwriting data source glw_buffaloes.
2022-06-05 12:10:30,657 - build - data_adapter - WARNING - Overwriting data source glw_cattle.
2022-06-05 12:10:30,657 - build - data_adapter - WARNING - Overwriting data source glw_chicken.
2022-06-05 12:10:30,658 - build - data_adapter - WARNING - Overwriting data source glw_ducks.
2022-06-05 12:10:30,659 - build - data_adapter - WARNING - Overwriting data source glw_goats.
2022-06-05 12:10:30,665 - build - data_adapter - WARNING - Overwriting data source glw_horses.
2022-06-05 12:10:30,666 - build - data_adapter - WARNING - Overwriting data source glw_pigs.
2022-06-05 12:10:30,667 - build - data_adapter - WARNING - Overwriting data source glw_sheep.
2022-06-05 12:10:30,667 - build - data_adapter - WARNING - Overwriting data source grdc.
2022-06-05 12:10:30,668 - build - data_adapter - WARNING - Overwriting data source grib_roads_hig.
2022-06-05 12:10:30,669 - build - data_adapter - WARNING - Overwriting data source grib_roads_loc.
2022-06-05 12:10:30,670 - build - data_adapter - WARNING - Overwriting data source grib_roads_pri.
2022-06-05 12:10:30,671 - build - data_adapter - WARNING - Overwriting data source grib_roads_sec.
2022-06-05 12:10:30,671 - build - data_adapter - WARNING - Overwriting data source grib_roads_ter.
2022-06-05 12:10:30,672 - build - data_adapter - WARNING - Overwriting data source grwl.
2022-06-05 12:10:30,673 - build - data_adapter - WARNING - Overwriting data source grwl_mask.
2022-06-05 12:10:30,674 - build - data_adapter - WARNING - Overwriting data source gswo.
2022-06-05 12:10:30,675 - build - data_adapter - WARNING - Overwriting data source gtsmv3_eu_era5.
2022-06-05 12:10:30,678 - build - data_adapter - WARNING - Overwriting data source guf_bld_2012.
2022-06-05 12:10:30,682 - build - data_adapter - WARNING - Overwriting data source hydro_lakes.
2022-06-05 12:10:30,683 - build - data_adapter - WARNING - Overwriting data source hydro_reservoirs.
2022-06-05 12:10:30,683 - build - data_adapter - WARNING - Overwriting data source koppen_geiger.
2022-06-05 12:10:30,684 - build - data_adapter - WARNING - Overwriting data source merit_hydro.
2022-06-05 12:10:30,685 - build - data_adapter - WARNING - Overwriting data source merit_hydro_1k.
2022-06-05 12:10:30,686 - build - data_adapter - WARNING - Overwriting data source merit_hydro_index.
2022-06-05 12:10:30,687 - build - data_adapter - WARNING - Overwriting data source modis_lai.
2022-06-05 12:10:30,687 - build - data_adapter - WARNING - Overwriting data source osm_coastlines.
2022-06-05 12:10:30,688 - build - data_adapter - WARNING - Overwriting data source osm_landareas.
2022-06-05 12:10:30,689 - build - data_adapter - WARNING - Overwriting data source rgi.
2022-06-05 12:10:30,690 - build - data_adapter - WARNING - Overwriting data source simard.
2022-06-05 12:10:30,691 - build - data_adapter - WARNING - Overwriting data source soilgrids.
2022-06-05 12:10:30,693 - build - data_adapter - WARNING - Overwriting data source vito.
2022-06-05 12:10:30,694 - build - data_adapter - WARNING - Overwriting data source worldclim.
2022-06-05 12:10:30,703 - build - model_api - ERROR - Default config file not found at C:\Users\ampolini\Miniconda3\envs\hydromt-fiat-dev\lib\site-packages\hydromt_fiat\data\fiat\fiat_configuration.ini
